<testsuite tests="24">
  <testcase classname="AzureEventIntegration_TEST" name="constructorCoverage" time="67" />
  <testcase classname="AzureEventIntegration_TEST" name="getAccount" time="934" />
  <testcase classname="AzureEventIntegration_TEST" name="sendEvents" time="23" />
  <testcase classname="BaseRest_TEST" name="CpsUpsert_POST" time="5112" />
  <testcase classname="CombinedFunctions_TEST" name="createEventsForSection" time="5875" />
  <testcase classname="CombinedFunctions_TEST" name="createRegistrationBatch" time="1510" />
  <testcase classname="CombinedFunctions_TEST" name="getContactsByEmails" time="41" />
  <testcase classname="CombinedFunctions_TEST" name="getNextActiveOffering" time="508" />
  <testcase classname="CombinedFunctions_TEST" name="midpointTriggers" time="2680" />
  <testcase classname="CombinedFunctions_TEST" name="overloadEvent" time="4343" />
  <testcase classname="CombinedFunctions_TEST" name="refreshData" time="301" />
  <testcase classname="CombinedFunctions_TEST" name="simpleEmail" time="241" />
  <testcase classname="EDA_Query_TEST" name="getFacultyEnrollment" time="197" />
  <testcase classname="EDA_Query_TEST" name="getStudentCreditEnrollment" time="130" />
  <testcase classname="EDA_Query_TEST" name="getStudentNoncreditEnrollment" time="88" />
  <testcase classname="EDA_Query_TEST" name="getStudentPendingEnrollment" time="98" />
  <testcase classname="EDA_Query_TEST" name="shortcuts" time="197" />
  <testcase classname="InvocableCanvas_TEST" name="importCanvasEnrollment" time="99" />
  <testcase classname="JsonTest_TEST" name="decode" time="41" />
  <testcase classname="JsonTest_TEST" name="encode" time="10" />
  <testcase classname="MiddlewareIntegration_TEST" name="checkEnrollmentStatus" time="184" />
  <testcase classname="MiddlewareIntegration_TEST" name="sendPostRequest" time="11" />
  <testcase classname="MiddlewareIntegration_TEST" name="testCpsSearches" time="15" />
  <testcase classname="MiddlewareIntegration_TEST" name="testInvocables" time="17" />
</testsuite>